#! /usr/share/iverilog-0.10.0/bin/vvp
:ivl_version "0.10.0 (devel)" "(v0_9_6)";
:ivl_delay_selection "TYPICAL";
:vpi_time_precision + 0;
:vpi_module "system";
:vpi_module "vhdl_sys";
:vpi_module "v2005_math";
:vpi_module "va_math";
:vpi_module "v2009";
S_0x24704d0 .scope module, "Final_test" "Final_test" 2 9;
 .timescale 0 0;
v0x2492cf0_0 .var "S_tb", 0 0;
v0x2492db0_0 .var "U_tb", 0 0;
v0x2492e80_0 .var "X_tb", 0 0;
v0x2492f80_0 .net "Z_tb", 2 0, L_0x2493070;  1 drivers
S_0x2470650 .scope module, "test1" "proj_main" 2 15, 3 9 0, S_0x24704d0;
 .timescale 0 0;
    .port_info 0 /INPUT 1 "S"
    .port_info 1 /INPUT 1 "X"
    .port_info 2 /INPUT 1 "U"
    .port_info 3 /OUTPUT 3 "Z"
P_0x245d300 .param/l "Ab" 0 3 26, C4<0000>;
P_0x245d340 .param/l "Bb" 0 3 26, C4<0001>;
P_0x245d380 .param/l "Cb" 0 3 26, C4<0010>;
P_0x245d3c0 .param/l "Db" 0 3 26, C4<0011>;
P_0x245d400 .param/l "Eb" 0 3 26, C4<0100>;
P_0x245d440 .param/l "Fb" 0 3 26, C4<0101>;
P_0x245d480 .param/l "Gb" 0 3 26, C4<0110>;
P_0x245d4c0 .param/l "Hb" 0 3 26, C4<0111>;
P_0x245d500 .param/l "Ib" 0 3 26, C4<1000>;
P_0x245d540 .param/l "Jb" 0 3 26, C4<1001>;
P_0x245d580 .param/l "Kb" 0 3 26, C4<1010>;
P_0x245d5c0 .param/l "Lb" 0 3 26, C4<1011>;
P_0x245d600 .param/l "Mb" 0 3 26, C4<1100>;
P_0x245d640 .param/l "lock" 0 3 24, C4<1>;
P_0x245d680 .param/l "unlock" 0 3 24, C4<0>;
v0x2492780_0 .var "L", 0 0;
v0x2492850_0 .var "PS", 3 0;
v0x2492920_0 .net "S", 0 0, v0x2492cf0_0;  1 drivers
v0x24929f0_0 .net "U", 0 0, v0x2492db0_0;  1 drivers
v0x2492a90_0 .net "X", 0 0, v0x2492e80_0;  1 drivers
v0x2492ba0_0 .net "Z", 2 0, L_0x2493070;  alias, 1 drivers
E_0x2451330 .event edge, v0x24929f0_0;
S_0x245dba0 .scope module, "out1" "out_help" 3 69, 3 74 0, S_0x2470650;
 .timescale 0 0;
    .port_info 0 /INPUT 1 "A"
    .port_info 1 /INPUT 4 "B"
    .port_info 2 /OUTPUT 3 "Z"
P_0x245dd90 .param/l "Ab" 0 3 87, C4<0000>;
P_0x245ddd0 .param/l "Bb" 0 3 87, C4<0001>;
P_0x245de10 .param/l "Cb" 0 3 87, C4<0010>;
P_0x245de50 .param/l "Db" 0 3 87, C4<0011>;
P_0x245de90 .param/l "Eb" 0 3 87, C4<0100>;
P_0x245ded0 .param/l "F1" 0 3 85, C4<000>;
P_0x245df10 .param/l "F2" 0 3 85, C4<010>;
P_0x245df50 .param/l "F3" 0 3 85, C4<100>;
P_0x245df90 .param/l "F4" 0 3 85, C4<110>;
P_0x245dfd0 .param/l "F5" 0 3 85, C4<101>;
P_0x245e010 .param/l "F6" 0 3 85, C4<111>;
P_0x245e050 .param/l "Fb" 0 3 87, C4<0101>;
P_0x245e090 .param/l "Gb" 0 3 87, C4<0110>;
P_0x245e0d0 .param/l "Hb" 0 3 87, C4<0111>;
P_0x245e110 .param/l "Ib" 0 3 87, C4<1000>;
P_0x245e150 .param/l "Jb" 0 3 87, C4<1001>;
P_0x245e190 .param/l "Kb" 0 3 87, C4<1010>;
P_0x245e1d0 .param/l "Lb" 0 3 87, C4<1011>;
P_0x245e210 .param/l "Mb" 0 3 87, C4<1100>;
L_0x2493070 .functor BUFZ 3, v0x2492530_0, C4<000>, C4<000>, C4<000>;
v0x2451270_0 .net "A", 0 0, v0x2492780_0;  1 drivers
v0x2492450_0 .net "B", 3 0, v0x2492850_0;  1 drivers
v0x2492530_0 .var "F", 2 0;
v0x2492620_0 .net "Z", 2 0, L_0x2493070;  alias, 1 drivers
E_0x2470b60 .event edge, v0x2492450_0;
    .scope S_0x245dba0;
T_0 ;
    %wait E_0x2470b60;
    %load/v 8, v0x2492450_0, 4;
    %cmpi/u 8, 0, 4;
    %jmp/1 T_0.0, 6;
    %cmpi/u 8, 1, 4;
    %jmp/1 T_0.1, 6;
    %cmpi/u 8, 2, 4;
    %jmp/1 T_0.2, 6;
    %cmpi/u 8, 3, 4;
    %jmp/1 T_0.3, 6;
    %cmpi/u 8, 4, 4;
    %jmp/1 T_0.4, 6;
    %cmpi/u 8, 5, 4;
    %jmp/1 T_0.5, 6;
    %cmpi/u 8, 6, 4;
    %jmp/1 T_0.6, 6;
    %cmpi/u 8, 7, 4;
    %jmp/1 T_0.7, 6;
    %cmpi/u 8, 8, 4;
    %jmp/1 T_0.8, 6;
    %cmpi/u 8, 9, 4;
    %jmp/1 T_0.9, 6;
    %cmpi/u 8, 10, 4;
    %jmp/1 T_0.10, 6;
    %cmpi/u 8, 11, 4;
    %jmp/1 T_0.11, 6;
    %cmpi/u 8, 12, 4;
    %jmp/1 T_0.12, 6;
    %jmp T_0.13;
T_0.0 ;
    %load/v 8, v0x2451270_0, 1;
    %pad 9, 0, 1;
    %cmpi/u 8, 0, 2;
    %jmp/0xz  T_0.14, 4;
    %set/v v0x2492530_0, 0, 3;
    %jmp T_0.15;
T_0.14 ;
    %load/v 8, v0x2451270_0, 1;
    %pad 9, 0, 2;
    %cmpi/u 8, 1, 3;
    %jmp/0xz  T_0.16, 4;
    %movi 8, 2, 3;
    %set/v v0x2492530_0, 8, 3;
T_0.16 ;
T_0.15 ;
    %jmp T_0.13;
T_0.1 ;
    %load/v 8, v0x2451270_0, 1;
    %pad 9, 0, 1;
    %cmpi/u 8, 0, 2;
    %jmp/0xz  T_0.18, 4;
    %movi 8, 4, 3;
    %set/v v0x2492530_0, 8, 3;
    %jmp T_0.19;
T_0.18 ;
    %load/v 8, v0x2451270_0, 1;
    %pad 9, 0, 2;
    %cmpi/u 8, 1, 3;
    %jmp/0xz  T_0.20, 4;
    %movi 8, 6, 3;
    %set/v v0x2492530_0, 8, 3;
T_0.20 ;
T_0.19 ;
    %jmp T_0.13;
T_0.2 ;
    %load/v 8, v0x2451270_0, 1;
    %pad 9, 0, 1;
    %cmpi/u 8, 0, 2;
    %jmp/0xz  T_0.22, 4;
    %movi 8, 4, 3;
    %set/v v0x2492530_0, 8, 3;
    %jmp T_0.23;
T_0.22 ;
    %load/v 8, v0x2451270_0, 1;
    %pad 9, 0, 2;
    %cmpi/u 8, 1, 3;
    %jmp/0xz  T_0.24, 4;
    %movi 8, 6, 3;
    %set/v v0x2492530_0, 8, 3;
T_0.24 ;
T_0.23 ;
    %jmp T_0.13;
T_0.3 ;
    %load/v 8, v0x2451270_0, 1;
    %pad 9, 0, 1;
    %cmpi/u 8, 0, 2;
    %jmp/0xz  T_0.26, 4;
    %movi 8, 4, 3;
    %set/v v0x2492530_0, 8, 3;
    %jmp T_0.27;
T_0.26 ;
    %load/v 8, v0x2451270_0, 1;
    %pad 9, 0, 2;
    %cmpi/u 8, 1, 3;
    %jmp/0xz  T_0.28, 4;
    %movi 8, 6, 3;
    %set/v v0x2492530_0, 8, 3;
T_0.28 ;
T_0.27 ;
    %jmp T_0.13;
T_0.4 ;
    %load/v 8, v0x2451270_0, 1;
    %pad 9, 0, 1;
    %cmpi/u 8, 0, 2;
    %jmp/0xz  T_0.30, 4;
    %movi 8, 4, 3;
    %set/v v0x2492530_0, 8, 3;
    %jmp T_0.31;
T_0.30 ;
    %load/v 8, v0x2451270_0, 1;
    %pad 9, 0, 2;
    %cmpi/u 8, 1, 3;
    %jmp/0xz  T_0.32, 4;
    %movi 8, 6, 3;
    %set/v v0x2492530_0, 8, 3;
T_0.32 ;
T_0.31 ;
    %jmp T_0.13;
T_0.5 ;
    %load/v 8, v0x2451270_0, 1;
    %pad 9, 0, 1;
    %cmpi/u 8, 0, 2;
    %jmp/0xz  T_0.34, 4;
    %movi 8, 4, 3;
    %set/v v0x2492530_0, 8, 3;
    %jmp T_0.35;
T_0.34 ;
    %load/v 8, v0x2451270_0, 1;
    %pad 9, 0, 2;
    %cmpi/u 8, 1, 3;
    %jmp/0xz  T_0.36, 4;
    %movi 8, 6, 3;
    %set/v v0x2492530_0, 8, 3;
T_0.36 ;
T_0.35 ;
    %jmp T_0.13;
T_0.6 ;
    %movi 8, 4, 3;
    %set/v v0x2492530_0, 8, 3;
    %jmp T_0.13;
T_0.7 ;
    %movi 8, 6, 3;
    %set/v v0x2492530_0, 8, 3;
    %jmp T_0.13;
T_0.8 ;
    %load/v 8, v0x2451270_0, 1;
    %pad 9, 0, 1;
    %cmpi/u 8, 0, 2;
    %jmp/0xz  T_0.38, 4;
    %movi 8, 5, 3;
    %set/v v0x2492530_0, 8, 3;
    %jmp T_0.39;
T_0.38 ;
    %load/v 8, v0x2451270_0, 1;
    %pad 9, 0, 2;
    %cmpi/u 8, 1, 3;
    %jmp/0xz  T_0.40, 4;
    %set/v v0x2492530_0, 1, 3;
T_0.40 ;
T_0.39 ;
    %jmp T_0.13;
T_0.9 ;
    %load/v 8, v0x2451270_0, 1;
    %pad 9, 0, 1;
    %cmpi/u 8, 0, 2;
    %jmp/0xz  T_0.42, 4;
    %movi 8, 5, 3;
    %set/v v0x2492530_0, 8, 3;
    %jmp T_0.43;
T_0.42 ;
    %load/v 8, v0x2451270_0, 1;
    %pad 9, 0, 2;
    %cmpi/u 8, 1, 3;
    %jmp/0xz  T_0.44, 4;
    %set/v v0x2492530_0, 1, 3;
T_0.44 ;
T_0.43 ;
    %jmp T_0.13;
T_0.10 ;
    %load/v 8, v0x2451270_0, 1;
    %pad 9, 0, 1;
    %cmpi/u 8, 0, 2;
    %jmp/0xz  T_0.46, 4;
    %movi 8, 5, 3;
    %set/v v0x2492530_0, 8, 3;
    %jmp T_0.47;
T_0.46 ;
    %load/v 8, v0x2451270_0, 1;
    %pad 9, 0, 2;
    %cmpi/u 8, 1, 3;
    %jmp/0xz  T_0.48, 4;
    %set/v v0x2492530_0, 1, 3;
T_0.48 ;
T_0.47 ;
    %jmp T_0.13;
T_0.11 ;
    %load/v 8, v0x2451270_0, 1;
    %pad 9, 0, 1;
    %cmpi/u 8, 0, 2;
    %jmp/0xz  T_0.50, 4;
    %movi 8, 5, 3;
    %set/v v0x2492530_0, 8, 3;
    %jmp T_0.51;
T_0.50 ;
    %load/v 8, v0x2451270_0, 1;
    %pad 9, 0, 2;
    %cmpi/u 8, 1, 3;
    %jmp/0xz  T_0.52, 4;
    %set/v v0x2492530_0, 1, 3;
T_0.52 ;
T_0.51 ;
    %jmp T_0.13;
T_0.12 ;
    %load/v 8, v0x2451270_0, 1;
    %pad 9, 0, 1;
    %cmpi/u 8, 0, 2;
    %jmp/0xz  T_0.54, 4;
    %movi 8, 5, 3;
    %set/v v0x2492530_0, 8, 3;
    %jmp T_0.55;
T_0.54 ;
    %load/v 8, v0x2451270_0, 1;
    %pad 9, 0, 2;
    %cmpi/u 8, 1, 3;
    %jmp/0xz  T_0.56, 4;
    %set/v v0x2492530_0, 1, 3;
T_0.56 ;
T_0.55 ;
    %jmp T_0.13;
T_0.13 ;
    %jmp T_0;
    .thread T_0, $push;
    .scope S_0x2470650;
T_1 ;
    %set/v v0x2492850_0, 0, 4;
    %end;
    .thread T_1;
    .scope S_0x2470650;
T_2 ;
    %set/v v0x2492780_0, 0, 1;
    %end;
    .thread T_2;
    .scope S_0x2470650;
T_3 ;
    %wait E_0x2451330;
    %load/v 8, v0x2492850_0, 4;
    %cmpi/u 8, 0, 4;
    %jmp/1 T_3.0, 6;
    %cmpi/u 8, 1, 4;
    %jmp/1 T_3.1, 6;
    %cmpi/u 8, 2, 4;
    %jmp/1 T_3.2, 6;
    %cmpi/u 8, 3, 4;
    %jmp/1 T_3.3, 6;
    %cmpi/u 8, 4, 4;
    %jmp/1 T_3.4, 6;
    %cmpi/u 8, 5, 4;
    %jmp/1 T_3.5, 6;
    %cmpi/u 8, 6, 4;
    %jmp/1 T_3.6, 6;
    %cmpi/u 8, 7, 4;
    %jmp/1 T_3.7, 6;
    %cmpi/u 8, 8, 4;
    %jmp/1 T_3.8, 6;
    %cmpi/u 8, 9, 4;
    %jmp/1 T_3.9, 6;
    %cmpi/u 8, 10, 4;
    %jmp/1 T_3.10, 6;
    %cmpi/u 8, 11, 4;
    %jmp/1 T_3.11, 6;
    %cmpi/u 8, 12, 4;
    %jmp/1 T_3.12, 6;
    %jmp T_3.13;
T_3.0 ;
    %load/v 8, v0x2492920_0, 1;
    %pad 9, 0, 2;
    %cmpi/u 8, 1, 3;
    %jmp/0xz  T_3.14, 4;
    %movi 8, 1, 4;
    %set/v v0x2492850_0, 8, 4;
T_3.14 ;
    %jmp T_3.13;
T_3.1 ;
    %load/v 8, v0x2492920_0, 1;
    %pad 9, 0, 1;
    %cmpi/u 8, 0, 2;
    %jmp/0xz  T_3.16, 4;
    %set/v v0x2492850_0, 0, 4;
    %jmp T_3.17;
T_3.16 ;
    %load/v 8, v0x2492920_0, 1;
    %pad 9, 0, 2;
    %cmpi/u 8, 1, 3;
    %mov 8, 4, 1;
    %load/v 9, v0x2492a90_0, 1;
    %pad 10, 0, 1;
    %cmpi/u 9, 0, 2;
    %mov 9, 4, 1;
    %and 8, 9, 1;
    %jmp/0xz  T_3.18, 8;
    %movi 8, 2, 4;
    %set/v v0x2492850_0, 8, 4;
    %jmp T_3.19;
T_3.18 ;
    %load/v 8, v0x2492920_0, 1;
    %pad 9, 0, 2;
    %cmpi/u 8, 1, 3;
    %mov 8, 4, 1;
    %load/v 9, v0x2492a90_0, 1;
    %pad 10, 0, 2;
    %cmpi/u 9, 1, 3;
    %mov 9, 4, 1;
    %and 8, 9, 1;
    %jmp/0xz  T_3.20, 8;
    %movi 8, 8, 4;
    %set/v v0x2492850_0, 8, 4;
T_3.20 ;
T_3.19 ;
T_3.17 ;
    %jmp T_3.13;
T_3.2 ;
    %load/v 8, v0x2492a90_0, 1;
    %pad 9, 0, 1;
    %cmpi/u 8, 0, 2;
    %jmp/0xz  T_3.22, 4;
    %movi 8, 8, 4;
    %set/v v0x2492850_0, 8, 4;
    %jmp T_3.23;
T_3.22 ;
    %load/v 8, v0x2492a90_0, 1;
    %pad 9, 0, 2;
    %cmpi/u 8, 1, 3;
    %jmp/0xz  T_3.24, 4;
    %movi 8, 3, 4;
    %set/v v0x2492850_0, 8, 4;
T_3.24 ;
T_3.23 ;
    %jmp T_3.13;
T_3.3 ;
    %load/v 8, v0x2492a90_0, 1;
    %pad 9, 0, 1;
    %cmpi/u 8, 0, 2;
    %jmp/0xz  T_3.26, 4;
    %movi 8, 4, 4;
    %set/v v0x2492850_0, 8, 4;
    %jmp T_3.27;
T_3.26 ;
    %load/v 8, v0x2492a90_0, 1;
    %pad 9, 0, 2;
    %cmpi/u 8, 1, 3;
    %jmp/0xz  T_3.28, 4;
    %movi 8, 8, 4;
    %set/v v0x2492850_0, 8, 4;
T_3.28 ;
T_3.27 ;
    %jmp T_3.13;
T_3.4 ;
    %load/v 8, v0x2492a90_0, 1;
    %pad 9, 0, 1;
    %cmpi/u 8, 0, 2;
    %jmp/0xz  T_3.30, 4;
    %movi 8, 5, 4;
    %set/v v0x2492850_0, 8, 4;
    %jmp T_3.31;
T_3.30 ;
    %load/v 8, v0x2492a90_0, 1;
    %pad 9, 0, 2;
    %cmpi/u 8, 1, 3;
    %jmp/0xz  T_3.32, 4;
    %movi 8, 8, 4;
    %set/v v0x2492850_0, 8, 4;
T_3.32 ;
T_3.31 ;
    %jmp T_3.13;
T_3.5 ;
    %load/v 8, v0x2492780_0, 1;
    %pad 9, 0, 1;
    %cmpi/u 8, 0, 2;
    %jmp/0xz  T_3.34, 4;
    %movi 8, 7, 4;
    %set/v v0x2492850_0, 8, 4;
    %jmp T_3.35;
T_3.34 ;
    %load/v 8, v0x2492780_0, 1;
    %pad 9, 0, 2;
    %cmpi/u 8, 1, 3;
    %jmp/0xz  T_3.36, 4;
    %movi 8, 6, 4;
    %set/v v0x2492850_0, 8, 4;
T_3.36 ;
T_3.35 ;
    %jmp T_3.13;
T_3.6 ;
    %set/v v0x2492780_0, 0, 1;
    %movi 8, 1, 4;
    %set/v v0x2492850_0, 8, 4;
    %jmp T_3.13;
T_3.7 ;
    %set/v v0x2492780_0, 1, 1;
    %movi 8, 1, 4;
    %set/v v0x2492850_0, 8, 4;
    %jmp T_3.13;
T_3.8 ;
    %load/v 8, v0x2492a90_0, 1;
    %pad 9, 0, 1;
    %cmpi/u 8, 0, 2;
    %jmp/0xz  T_3.38, 4;
    %movi 8, 9, 4;
    %set/v v0x2492850_0, 8, 4;
    %jmp T_3.39;
T_3.38 ;
    %load/v 8, v0x2492a90_0, 1;
    %pad 9, 0, 2;
    %cmpi/u 8, 1, 3;
    %jmp/0xz  T_3.40, 4;
    %movi 8, 12, 4;
    %set/v v0x2492850_0, 8, 4;
T_3.40 ;
T_3.39 ;
    %jmp T_3.13;
T_3.9 ;
    %load/v 8, v0x2492a90_0, 1;
    %pad 9, 0, 1;
    %cmpi/u 8, 0, 2;
    %jmp/0xz  T_3.42, 4;
    %movi 8, 12, 4;
    %set/v v0x2492850_0, 8, 4;
    %jmp T_3.43;
T_3.42 ;
    %load/v 8, v0x2492a90_0, 1;
    %pad 9, 0, 2;
    %cmpi/u 8, 1, 3;
    %jmp/0xz  T_3.44, 4;
    %movi 8, 10, 4;
    %set/v v0x2492850_0, 8, 4;
T_3.44 ;
T_3.43 ;
    %jmp T_3.13;
T_3.10 ;
    %load/v 8, v0x2492a90_0, 1;
    %pad 9, 0, 1;
    %cmpi/u 8, 0, 2;
    %jmp/0xz  T_3.46, 4;
    %movi 8, 11, 4;
    %set/v v0x2492850_0, 8, 4;
    %jmp T_3.47;
T_3.46 ;
    %load/v 8, v0x2492a90_0, 1;
    %pad 9, 0, 2;
    %cmpi/u 8, 1, 3;
    %jmp/0xz  T_3.48, 4;
    %movi 8, 12, 4;
    %set/v v0x2492850_0, 8, 4;
T_3.48 ;
T_3.47 ;
    %jmp T_3.13;
T_3.11 ;
    %movi 8, 1, 4;
    %set/v v0x2492850_0, 8, 4;
    %jmp T_3.13;
T_3.12 ;
    %movi 8, 8, 4;
    %set/v v0x2492850_0, 8, 4;
    %jmp T_3.13;
T_3.13 ;
    %jmp T_3;
    .thread T_3, $push;
    .scope S_0x24704d0;
T_4 ;
    %set/v v0x2492db0_0, 0, 1;
    %set/v v0x2492cf0_0, 0, 1;
    %end;
    .thread T_4;
    .scope S_0x24704d0;
T_5 ;
    %delay 1, 0;
    %load/v 8, v0x2492db0_0, 1;
    %inv 8, 1;
    %set/v v0x2492db0_0, 8, 1;
    %jmp T_5;
    .thread T_5;
    .scope S_0x24704d0;
T_6 ;
    %delay 1, 0;
    %set/v v0x2492cf0_0, 1, 1;
    %delay 1, 0;
    %set/v v0x2492e80_0, 0, 1;
    %delay 1, 0;
    %set/v v0x2492e80_0, 1, 1;
    %delay 1, 0;
    %set/v v0x2492e80_0, 0, 1;
    %delay 1, 0;
    %set/v v0x2492e80_0, 0, 1;
    %delay 1, 0;
    %set/v v0x2492e80_0, 0, 1;
    %delay 1, 0;
    %set/v v0x2492e80_0, 0, 1;
    %delay 1, 0;
    %set/v v0x2492e80_0, 1, 1;
    %delay 1, 0;
    %set/v v0x2492e80_0, 1, 1;
    %delay 1, 0;
    %set/v v0x2492e80_0, 1, 1;
    %delay 1, 0;
    %set/v v0x2492e80_0, 0, 1;
    %delay 1, 0;
    %set/v v0x2492e80_0, 1, 1;
    %delay 1, 0;
    %set/v v0x2492e80_0, 0, 1;
    %delay 1, 0;
    %set/v v0x2492e80_0, 0, 1;
    %delay 1, 0;
    %set/v v0x2492e80_0, 0, 1;
    %delay 1, 0;
    %set/v v0x2492e80_0, 1, 1;
    %delay 1, 0;
    %set/v v0x2492e80_0, 0, 1;
    %delay 1, 0;
    %set/v v0x2492e80_0, 0, 1;
    %delay 1, 0;
    %set/v v0x2492e80_0, 0, 1;
    %delay 1, 0;
    %set/v v0x2492e80_0, 0, 1;
    %jmp T_6;
    .thread T_6;
    .scope S_0x24704d0;
T_7 ;
    %vpi_call/w 2 74 "$display", "S\011X\011U\011\011Z" {0 0};
    %vpi_call/w 2 75 "$monitor", "%b\011%b\011%b\011%b", v0x2492cf0_0, v0x2492e80_0, v0x2492db0_0, v0x2492f80_0 {0 0};
    %end;
    .thread T_7;
    .scope S_0x24704d0;
T_8 ;
    %vpi_call/w 2 81 "$dumpfile", "Final.vcd" {0 0};
    %vpi_call/w 2 82 "$dumpvars" {0 0};
    %end;
    .thread T_8;
    .scope S_0x24704d0;
T_9 ;
    %delay 20, 0;
    %vpi_call/w 2 87 "$finish" {0 0};
    %end;
    .thread T_9;
# The file index is used to find the file name in the following table.
:file_names 4;
    "N/A";
    "<interactive>";
    "testbench.sv";
    "design.sv";
